{"tag": "function", "depth": 2, "time": 1605526011.7436013, "data": {"name": "loop_find", "call_args": {"query": {"filename": "tpl1605455084989.png", "_filepath": "C:\\airtest_script\\case\\apk_manage\\tpl1605455084989.png", "threshold": 0.8, "target_pos": 5, "record_pos": [-0.243, 0.856], "resolution": [1080, 2340], "rgb": false, "__class__": "Template"}, "timeout": 60, "interval": 0.5, "intervalfunc": null, "threshold": null}, "start_time": 1605526011.612661}}
{"tag": "function", "depth": 1, "time": 1605526011.7441041, "data": {"name": "wait", "call_args": {"v": {"filename": "tpl1605455084989.png", "_filepath": "C:\\airtest_script\\case\\apk_manage\\tpl1605455084989.png", "threshold": 0.8, "target_pos": 5, "record_pos": [-0.243, 0.856], "resolution": [1080, 2340], "rgb": false, "__class__": "Template"}, "timeout": 60, "interval": 0.5, "intervalfunc": null}, "start_time": 1605526011.612661}}
{"tag": "function", "depth": 1, "time": 1605526017.7933075, "data": {"name": "_cv_match", "call_args": {"self": {"filename": "tpl1605455084989.png", "_filepath": "C:\\airtest_script\\case\\apk_manage\\tpl1605455084989.png", "threshold": 0.8, "target_pos": 5, "record_pos": [-0.243, 0.856], "resolution": [1080, 2340], "rgb": false, "__class__": "Template"}, "screen": "array([[[ 59,  72, 164],\n        [ 53,  66, 158],\n        [ 43,  56, 148],\n        ...,\n        [ 44,  57, 149],\n        [ 43,  56, 148],\n        [ 43,  56, 148]],\n\n       [[ 51,  64, 156],\n        [ 47,  60, 152],\n        [ 43,  56, 148],\n        ...,\n        [ 42,  55, 147],\n        [ 42,  55, 147],\n        [ 42,  55, 147]],\n\n       [[ 45,  58, 150],\n        [ 44,  57, 149],\n        [ 44,  57, 149],\n        ...,\n        [ 41,  54, 146],\n        [ 41,  54, 146],\n        [ 41,  54, 146]],\n\n       ...,\n\n       [[ 44,  57, 149],\n        [ 44,  57, 149],\n        [ 45,  58, 150],\n        ...,\n        [ 46,  59, 151],\n        [ 45,  58, 150],\n        [ 45,  58, 150]],\n\n       [[ 46,  59, 151],\n        [ 45,  58, 150],\n        [ 45,  58, 150],\n        ...,\n        [ 44,  57, 149],\n        [ 44,  57, 149],\n        [ 44,  57, 149]],\n\n       [[ 47,  60, 152],\n        [ 46,  59, 151],\n        [ 45,  58, 150],\n        ...,\n        [ 43,  56, 148],\n        [ 43,  56, 148],\n        [ 43,  56, 148]]], dtype=uint8)"}, "start_time": 1605526015.1540942, "ret": null, "end_time": 1605526017.7933075}}
{"tag": "function", "depth": 1, "time": 1605526020.8784354, "data": {"name": "_cv_match", "call_args": {"self": {"filename": "tpl1605455084989.png", "_filepath": "C:\\airtest_script\\case\\apk_manage\\tpl1605455084989.png", "threshold": 0.8, "target_pos": 5, "record_pos": [-0.243, 0.856], "resolution": [1080, 2340], "rgb": false, "__class__": "Template"}, "screen": "array([[[ 59,  72, 164],\n        [ 53,  66, 158],\n        [ 43,  56, 148],\n        ...,\n        [ 44,  57, 149],\n        [ 43,  56, 148],\n        [ 43,  56, 148]],\n\n       [[ 51,  64, 156],\n        [ 47,  60, 152],\n        [ 43,  56, 148],\n        ...,\n        [ 42,  55, 147],\n        [ 42,  55, 147],\n        [ 42,  55, 147]],\n\n       [[ 45,  58, 150],\n        [ 44,  57, 149],\n        [ 44,  57, 149],\n        ...,\n        [ 41,  54, 146],\n        [ 41,  54, 146],\n        [ 41,  54, 146]],\n\n       ...,\n\n       [[ 44,  57, 149],\n        [ 44,  57, 149],\n        [ 45,  58, 150],\n        ...,\n        [ 46,  59, 151],\n        [ 45,  58, 150],\n        [ 45,  58, 150]],\n\n       [[ 46,  59, 151],\n        [ 45,  58, 150],\n        [ 45,  58, 150],\n        ...,\n        [ 44,  57, 149],\n        [ 44,  57, 149],\n        [ 44,  57, 149]],\n\n       [[ 47,  60, 152],\n        [ 46,  59, 151],\n        [ 45,  58, 150],\n        ...,\n        [ 43,  56, 148],\n        [ 43,  56, 148],\n        [ 43,  56, 148]]], dtype=uint8)"}, "start_time": 1605526018.452493, "ret": null, "end_time": 1605526020.8784354}}
{"tag": "function", "depth": 1, "time": 1605526079.8026714, "data": {"name": "_cv_match", "call_args": {"self": {"filename": "tpl1605455084989.png", "_filepath": "C:\\airtest_script\\case\\apk_manage\\tpl1605455084989.png", "threshold": 0.8, "target_pos": 5, "record_pos": [-0.243, 0.856], "resolution": [1080, 2340], "rgb": false, "__class__": "Template"}, "screen": "array([[[ 59,  72, 164],\n        [ 53,  66, 158],\n        [ 43,  56, 148],\n        ...,\n        [ 44,  57, 149],\n        [ 43,  56, 148],\n        [ 43,  56, 148]],\n\n       [[ 51,  64, 156],\n        [ 47,  60, 152],\n        [ 43,  56, 148],\n        ...,\n        [ 42,  55, 147],\n        [ 42,  55, 147],\n        [ 42,  55, 147]],\n\n       [[ 45,  58, 150],\n        [ 44,  57, 149],\n        [ 44,  57, 149],\n        ...,\n        [ 41,  54, 146],\n        [ 41,  54, 146],\n        [ 41,  54, 146]],\n\n       ...,\n\n       [[ 44,  57, 149],\n        [ 44,  57, 149],\n        [ 45,  58, 150],\n        ...,\n        [ 46,  59, 151],\n        [ 45,  58, 150],\n        [ 45,  58, 150]],\n\n       [[ 46,  59, 151],\n        [ 45,  58, 150],\n        [ 45,  58, 150],\n        ...,\n        [ 44,  57, 149],\n        [ 44,  57, 149],\n        [ 44,  57, 149]],\n\n       [[ 47,  60, 152],\n        [ 46,  59, 151],\n        [ 45,  58, 150],\n        ...,\n        [ 43,  56, 148],\n        [ 43,  56, 148],\n        [ 43,  56, 148]]], dtype=uint8)"}, "start_time": 1605526021.5376074, "ret": null, "end_time": 1605526079.8026714}}
{"tag": "function", "depth": 1, "time": 1605526080.016449, "data": {"name": "try_log_screen", "call_args": {"screen": "array([[[ 59,  72, 164],\n        [ 53,  66, 158],\n        [ 43,  56, 148],\n        ...,\n        [ 44,  57, 149],\n        [ 43,  56, 148],\n        [ 43,  56, 148]],\n\n       [[ 51,  64, 156],\n        [ 47,  60, 152],\n        [ 43,  56, 148],\n        ...,\n        [ 42,  55, 147],\n        [ 42,  55, 147],\n        [ 42,  55, 147]],\n\n       [[ 45,  58, 150],\n        [ 44,  57, 149],\n        [ 44,  57, 149],\n        ...,\n        [ 41,  54, 146],\n        [ 41,  54, 146],\n        [ 41,  54, 146]],\n\n       ...,\n\n       [[ 44,  57, 149],\n        [ 44,  57, 149],\n        [ 45,  58, 150],\n        ...,\n        [ 46,  59, 151],\n        [ 45,  58, 150],\n        [ 45,  58, 150]],\n\n       [[ 46,  59, 151],\n        [ 45,  58, 150],\n        [ 45,  58, 150],\n        ...,\n        [ 44,  57, 149],\n        [ 44,  57, 149],\n        [ 44,  57, 149]],\n\n       [[ 47,  60, 152],\n        [ 46,  59, 151],\n        [ 45,  58, 150],\n        ...,\n        [ 43,  56, 148],\n        [ 43,  56, 148],\n        [ 43,  56, 148]]], dtype=uint8)"}, "start_time": 1605526079.80664, "ret": {"screen": "1605526079806.jpg", "resolution": [1080, 2340]}, "end_time": 1605526080.016449}}
{"tag": "function", "depth": 0, "time": 1605526080.0219069, "data": {"name": "loop_find", "call_args": {"query": {"filename": "tpl1605455084989.png", "_filepath": "C:\\airtest_script\\case\\apk_manage\\tpl1605455084989.png", "threshold": 0.8, "target_pos": 5, "record_pos": [-0.243, 0.856], "resolution": [1080, 2340], "rgb": false, "__class__": "Template"}, "timeout": 60, "interval": 0.5, "intervalfunc": null, "threshold": null}, "start_time": 1605526011.612661, "traceback": "Traceback (most recent call last):\n  File \"C:\\virtualenv\\airtest\\lib\\site-packages\\airtest\\utils\\logwraper.py\", line 71, in wrapper\n    res = f(*args, **kwargs)\n  File \"C:\\virtualenv\\airtest\\lib\\site-packages\\airtest\\core\\cv.py\", line 77, in loop_find\n    raise TargetNotFoundError('Picture %s not found in screen' % query)\nairtest.core.error.TargetNotFoundError: 'Picture Template(C:\\\\airtest_script\\\\case\\\\apk_manage\\\\tpl1605455084989.png) not found in screen'\n", "end_time": 1605526080.0219069}}
{"tag": "function", "depth": 0, "time": 1605526080.0248828, "data": {"name": "wait", "call_args": {"v": {"filename": "tpl1605455084989.png", "_filepath": "C:\\airtest_script\\case\\apk_manage\\tpl1605455084989.png", "threshold": 0.8, "target_pos": 5, "record_pos": [-0.243, 0.856], "resolution": [1080, 2340], "rgb": false, "__class__": "Template"}, "timeout": 60, "interval": 0.5, "intervalfunc": null}, "start_time": 1605526011.612661, "traceback": "Traceback (most recent call last):\n  File \"C:\\virtualenv\\airtest\\lib\\site-packages\\airtest\\utils\\logwraper.py\", line 71, in wrapper\n    res = f(*args, **kwargs)\n  File \"C:\\virtualenv\\airtest\\lib\\site-packages\\airtest\\core\\cv.py\", line 77, in loop_find\n    raise TargetNotFoundError('Picture %s not found in screen' % query)\nairtest.core.error.TargetNotFoundError: 'Picture Template(C:\\\\airtest_script\\\\case\\\\apk_manage\\\\tpl1605455084989.png) not found in screen'\n\nDuring handling of the above exception, another exception occurred:\n\nTraceback (most recent call last):\n  File \"C:\\virtualenv\\airtest\\lib\\site-packages\\airtest\\utils\\logwraper.py\", line 71, in wrapper\n    res = f(*args, **kwargs)\n  File \"C:\\virtualenv\\airtest\\lib\\site-packages\\airtest\\core\\api.py\", line 400, in wait\n    pos = loop_find(v, timeout=timeout, interval=interval, intervalfunc=intervalfunc)\n  File \"C:\\virtualenv\\airtest\\lib\\site-packages\\airtest\\utils\\logwraper.py\", line 80, in wrapper\n    logger.running_stack.pop()\nIndexError: pop from empty list\n", "end_time": 1605526080.0248828}}
